Page ID: 4
API URL: http://localhost:3000/api/pages/4
HTTP Code: 0
Response: 
Redirecting to 404
Page ID: 3
API URL: http://localhost:3000/api/pages/3
HTTP Code: 0
Response: 
Redirecting to 404
Page ID: 1
API URL: http://localhost:3000/api/pages/1
HTTP Code: 0
Response: 
Redirecting to 404
Page ID: 2
API URL: http://localhost:3000/api/pages/2
HTTP Code: 0
Response: 
Redirecting to 404
Page ID: 4
API URL: http://express_api:3000/api/pages/4
HTTP Code: 200
Response: {"pageId":4,"path":"/blog/tech-trends","title":"Tech Trends","description":"Latest trends in technology","content":"<p>Stay updated with the latest trends and advancements in technology.</p>","categoryId":1,"categoryName":"Technology","publishedDate":"06/4/2024","active":"yes"}
Page ID: 3
API URL: http://express_api:3000/api/pages/3
HTTP Code: 200
Response: {"pageId":3,"path":"/blog/travel-adventures","title":"Travel Adventures","description":"Exploring the world one step at a time","content":"<p>Join us as we explore some of the most beautiful places on earth.</p>","categoryId":3,"categoryName":"Games","publishedDate":"06/3/2024","active":"no"}
Redirecting to 404
Page ID: 2
API URL: http://express_api:3000/api/pages/2
HTTP Code: 200
Response: {"pageId":2,"path":"/blog/about","title":"About This Blog","description":"Learn more about what this blog is all about","content":"<p>This blog covers various topics and insights from our team.</p>","categoryId":2,"categoryName":"Life","publishedDate":"06/2/2024","active":"yes"}
Page ID: 1
API URL: http://express_api:3000/api/pages/1
HTTP Code: 200
Response: {"pageId":1,"path":"/blog/welcome","title":"Welcome to Our Blog","description":"This is the first post on our blog","content":"<p>We are excited to share our thoughts and ideas with you.</p>","categoryId":1,"categoryName":"Technology","publishedDate":"06/1/2024","active":"yes"}
Page ID: 2
API URL: http://express_api:3000/api/pages/2
HTTP Code: 200
Response: {"pageId":2,"path":"/blog/about","title":"About This Blog","description":"Learn more about what this blog is all about","content":"<p>This blog covers various topics and insights from our team.</p>","categoryId":2,"categoryName":"Life","publishedDate":"06/2/2024","active":"yes"}
Page ID: 3
API URL: http://express_api:3000/api/pages/3
HTTP Code: 200
Response: {"pageId":3,"path":"/blog/travel-adventures","title":"Travel Adventures","description":"Exploring the world one step at a time","content":"<p>Join us as we explore some of the most beautiful places on earth.</p>","categoryId":3,"categoryName":"Games","publishedDate":"06/3/2024","active":"no"}
Redirecting to 404
Page ID: 4
API URL: http://express_api:3000/api/pages/4
HTTP Code: 200
Response: {"pageId":4,"path":"/blog/tech-trends","title":"Tech Trends","description":"Latest trends in technology","content":"<p>Stay updated with the latest trends and advancements in technology.</p>","categoryId":1,"categoryName":"Technology","publishedDate":"06/4/2024","active":"yes"}
Page ID: 3
API URL: http://express_api:3000/api/pages/3
HTTP Code: 200
Response: {"pageId":3,"path":"/blog/travel-adventures","title":"Travel Adventures","description":"Exploring the world one step at a time","content":"<p>Join us as we explore some of the most beautiful places on earth.</p>","categoryId":3,"categoryName":"Games","publishedDate":"06/3/2024","active":"no"}
Redirecting to 404
Page ID: 3
API URL: http://express_api:3000/api/pages/3
HTTP Code: 200
Response: {"pageId":3,"path":"/blog/travel-adventures","title":"Travel Adventures","description":"Exploring the world one step at a time","content":"<p>Join us as we explore some of the most beautiful places on earth.</p>","categoryId":3,"categoryName":"Games","publishedDate":"06/3/2024","active":"no"}
Redirecting to 404
Page ID: 4
API URL: http://express_api:3000/api/pages/4
HTTP Code: 200
Response: {"pageId":4,"path":"/blog/tech-trends","title":"Tech Trends","description":"Latest trends in technology","content":"<p>Stay updated with the latest trends and advancements in technology.</p>","categoryId":1,"categoryName":"Technology","publishedDate":"06/4/2024","active":"yes"}
Page ID: 2
API URL: http://express_api:3000/api/pages/2
HTTP Code: 200
Response: {"pageId":2,"path":"/blog/about","title":"About This Blog","description":"Learn more about what this blog is all about","content":"<p>This blog covers various topics and insights from our team.</p>","categoryId":2,"categoryName":"Life","publishedDate":"06/2/2024","active":"yes"}
Page ID: 1
API URL: http://express_api:3000/api/pages/1
HTTP Code: 200
Response: {"pageId":1,"path":"/blog/welcome","title":"Welcome to Our Blog","description":"This is the first post on our blog","content":"<p>We are excited to share our thoughts and ideas with you.</p>","categoryId":1,"categoryName":"Technology","publishedDate":"06/1/2024","active":"yes"}
Page ID: 4
API URL: http://express_api:3000/api/pages/4
HTTP Code: 200
Response: {"pageId":4,"path":"/blog/tech-trends","title":"Tech Trends","description":"Latest trends in technology","content":"<p>Stay updated with the latest trends and advancements in technology.</p>","categoryId":1,"categoryName":"Technology","publishedDate":"06/4/2024","active":"yes"}
API URL: http://express_api:3000/api/auth/login
HTTP Code: 0
Response: 
API URL: http://express_api:3000/api/auth/login
HTTP Code: 200
Response: {"token":"eyJhbGciOiJIUzI1NiIsInR5cCI6IkpXVCJ9.eyJ1c2VybmFtZSI6InVzZXJuYW1lIiwiaWF0IjoxNzIzMTM1NDM5LCJleHAiOjE3MjMxMzkwMzl9.jUt0GoXytLcA7d2iqkQ6fV96x4vOnEwqGcUNbjj6JKg"}
Page ID: 4
API URL: http://express_api:3000/api/pages/4
HTTP Code: 200
Response: {"pageId":4,"path":"/blog/tech-trends","title":"Tech Trends","description":"Latest trends in technology","content":"<p>Stay updated with the latest trends and advancements in technology.</p>","categoryId":1,"categoryName":"Technology","publishedDate":"06/4/2024","active":"yes"}
API URL: http://express_api:3000/api/auth/login
HTTP Code: 200
Response: {"token":"eyJhbGciOiJIUzI1NiIsInR5cCI6IkpXVCJ9.eyJ1c2VybmFtZSI6InVzZXJuYW1lIiwiaWF0IjoxNzIzMTM3NjQ1LCJleHAiOjE3MjMxNDEyNDV9.Gphjx-AsdDLC4_I28GgReIBcw6OgaYWgjaZtv_5wxsg"}
API URL: http://express_api:3000/api/auth/login
HTTP Code: 200
Response: {"token":"eyJhbGciOiJIUzI1NiIsInR5cCI6IkpXVCJ9.eyJ1c2VybmFtZSI6InVzZXJuYW1lIiwiaWF0IjoxNzIzMTM5MjE0LCJleHAiOjE3MjMxNDI4MTR9.OBCe7A6ElWxbgNIwVoxBSh_X3lDEIpJasuYGXuqTq6Y"}
Page ID: 4
API URL: http://express_api:3000/api/pages/4
HTTP Code: 200
Response: {"pageId":4,"path":"/blog/tech-trends","title":"Tech Trends","description":"Latest trends in technology","content":"<p>Stay updated with the latest trends and advancements in technology.</p>","categoryId":1,"categoryName":"Technology","publishedDate":"06/4/2024","active":"yes"}
Page ID: 2
API URL: http://express_api:3000/api/pages/2
HTTP Code: 200
Response: {"pageId":2,"path":"/blog/about","title":"About This Blog","description":"Learn more about what this blog is all about","content":"<p>This blog covers various topics and insights from our team.</p>","categoryId":2,"categoryName":"Life","publishedDate":"06/2/2024","active":"yes"}
Page ID: 4
API URL: http://express_api:3000/api/pages/4
HTTP Code: 200
Response: {"pageId":4,"path":"/blog/tech-trends","title":"Tech Trends","description":"Latest trends in technology","content":"<p>Stay updated with the latest trends and advancements in technology.</p>","categoryId":1,"categoryName":"Technology","publishedDate":"06/4/2024","active":"yes"}
Page ID: 1
API URL: http://express_api:3000/api/pages/1
HTTP Code: 200
Response: {"pageId":1,"path":"/blog/welcome","title":"Welcome to Our Blog","description":"This is the first post on our blog","content":"<p>We are excited to share our thoughts and ideas with you.</p>","categoryId":1,"categoryName":"Technology","publishedDate":"06/1/2024","active":"yes"}
API URL: http://express_api:3000/api/auth/login
HTTP Code: 200
Response: {"token":"eyJhbGciOiJIUzI1NiIsInR5cCI6IkpXVCJ9.eyJ1c2VybmFtZSI6InVzZXJuYW1lIiwiaWF0IjoxNzIzMjAyMTUyLCJleHAiOjE3MjMyMDU3NTJ9.WObVBlOk-i6PoTPA3QFj0tejwYDfLb-PPnp4zISYWMg"}
API URL: http://express_api:3000/api/auth/login
HTTP Code: 200
Response: {"token":"eyJhbGciOiJIUzI1NiIsInR5cCI6IkpXVCJ9.eyJ1c2VybmFtZSI6InVzZXJuYW1lIiwiaWF0IjoxNzIzMjAzMjMyLCJleHAiOjE3MjMyMDY4MzJ9.8QuOcX4STLiZVedE0poaYDTo77U0moi3C4xDCJqKrig"}
API URL: http://express_api:3000/api/auth/login
HTTP Code: 200
Response: {"token":"eyJhbGciOiJIUzI1NiIsInR5cCI6IkpXVCJ9.eyJ1c2VybmFtZSI6InVzZXJuYW1lIiwiaWF0IjoxNzIzMjA0NTIwLCJleHAiOjE3MjMyMDgxMjB9.9cvdbq2v5Of-eaEzAwAewdJtyw3ZUrusaM3pCTdtX8A"}
API URL: http://express_api:3000/api/auth/login
HTTP Code: 200
Response: {"token":"eyJhbGciOiJIUzI1NiIsInR5cCI6IkpXVCJ9.eyJ1c2VybmFtZSI6InVzZXJuYW1lIiwiaWF0IjoxNzIzMjA0NTMwLCJleHAiOjE3MjMyMDgxMzB9.uSihZyt2QfcW8oOsU8nQiZzNw3uCe_IUBzYzJFvEqWs"}
API URL: http://express_api:3000/api/auth/login
HTTP Code: 200
Response: {"token":"eyJhbGciOiJIUzI1NiIsInR5cCI6IkpXVCJ9.eyJ1c2VybmFtZSI6InVzZXJuYW1lIiwiaWF0IjoxNzIzMjA1NDA5LCJleHAiOjE3MjMyMDkwMDl9.AEEwftMXcVQTCF5mpOfLy-9k1Y1nyI50-TK2xxKQHcU"}
Page ID: 4
API URL: http://express_api:3000/api/auth/login
HTTP Code: 200
Response: {"token":"eyJhbGciOiJIUzI1NiIsInR5cCI6IkpXVCJ9.eyJ1c2VybmFtZSI6InVzZXJuYW1lIiwiaWF0IjoxNzIzMjM4NDgwLCJleHAiOjE3MjMyNDIwODB9.f3fIQTERkZdfoo_Bp0t7eOtYb2rbpunUh5IhSrMfCsc"}
API URL: http://express_api:3000/api/auth/login
HTTP Code: 200
Response: {"token":"eyJhbGciOiJIUzI1NiIsInR5cCI6IkpXVCJ9.eyJ1c2VybmFtZSI6InVzZXJuYW1lIiwiaWF0IjoxNzIzMjM4NTQzLCJleHAiOjE3MjMyNDIxNDN9.Yh222c5EIFd0u1wev7D-hOrSzBQ3yidwyaxxtlWlpds"}
API URL: http://express_api:3000/api/auth/login
HTTP Code: 200
Response: {"token":"eyJhbGciOiJIUzI1NiIsInR5cCI6IkpXVCJ9.eyJ1c2VybmFtZSI6InVzZXJuYW1lIiwiaWF0IjoxNzIzMjM4NzA3LCJleHAiOjE3MjMyNDIzMDd9.tt2_It6norSX8Uy9SK3C-V5WUei7jAP7jt5p30rrgtA"}
Page ID: 4
Page ID: 2
Page ID: 1
Page ID: 4
Page ID: 2
Page ID: 1
API URL: http://express_api:3000/api/auth/login
HTTP Code: 401
Response: {"error":"Invalid username or password"}
API URL: http://express_api:3000/api/auth/login
HTTP Code: 200
Response: {"token":"eyJhbGciOiJIUzI1NiIsInR5cCI6IkpXVCJ9.eyJ1c2VybmFtZSI6InVzZXJuYW1lIiwiaWF0IjoxNzIzMjM5NDE3LCJleHAiOjE3MjMyNDMwMTd9.DPX5Hhe0NvkOsWZTbtLXMW7HZaSJgur-61LQ97MVDug"}
API URL: http://express_api:3000/api/auth/login
HTTP Code: 200
Response: {"token":"eyJhbGciOiJIUzI1NiIsInR5cCI6IkpXVCJ9.eyJ1c2VybmFtZSI6InVzZXJuYW1lIiwiaWF0IjoxNzIzMjQxMTc4LCJleHAiOjE3MjMyNDQ3Nzh9.9F6TaQEX9cc9IsUarhl7A3pSnBnr3TM6ViapvbxKhuo"}
Page ID: 4
API URL: http://express_api:3000/api/auth/login
HTTP Code: 200
Response: {"token":"eyJhbGciOiJIUzI1NiIsInR5cCI6IkpXVCJ9.eyJ1c2VybmFtZSI6InVzZXJuYW1lIiwiaWF0IjoxNzIzMjQzMTA5LCJleHAiOjE3MjMyNDY3MDl9.Yf20n9Pu5QqTBrMCSnqOnDR_o9TbeTtLn2FOw-Tp8JU"}
API URL: http://express_api:3000/api/auth/login
HTTP Code: 200
Response: {"token":"eyJhbGciOiJIUzI1NiIsInR5cCI6IkpXVCJ9.eyJ1c2VybmFtZSI6InVzZXJuYW1lIiwiaWF0IjoxNzIzMjQzOTQzLCJleHAiOjE3MjMyNDc1NDN9.kgK_tCjg_MLTaf1b7wzaE_nQUW716nHpuVVs87mrhxI"}
